<?xml version="1.0" encoding="UTF-8"?>
<testsuite name="freo.me.rest.Level3Test" tests="1" skipped="0" failures="0" errors="0" timestamp="2016-05-30T14:02:04" hostname="Pauls-MBP-2.home" time="0.22">
  <properties/>
  <testcase name="testGET_Level3" classname="freo.me.rest.Level3Test" time="0.22"/>
  <system-out><![CDATA[]]></system-out>
  <system-err><![CDATA[]]></system-err>
</testsuite>
