<?xml version="1.0" encoding="UTF-8"?>
<testsuite name="freo.me.rest.Level1Test" tests="1" skipped="0" failures="0" errors="0" timestamp="2016-05-30T14:02:03" hostname="Pauls-MBP-2.home" time="0.742">
  <properties/>
  <testcase name="testPOST_Level1" classname="freo.me.rest.Level1Test" time="0.742"/>
  <system-out><![CDATA[]]></system-out>
  <system-err><![CDATA[]]></system-err>
</testsuite>
